<?xml version="1.0" encoding="UTF-8"?>
<!-- Generated by org.testng.reporters.JUnitXMLReporter -->
<testsuite ignored="0" hostname="DESKTOP-V61CB0K" failures="1" tests="5" name="RetryMulitple" time="56.454" errors="0" timestamp="2025-03-11T16:06:50 GMT+06:00">
  <testcase classname="testCases.TC021_AdministratorsAddTest" name="administratorsAdd" time="12.991">
    <skipped/>
  </testcase> <!-- administratorsAdd -->
  <testcase classname="testCases.TC021_AdministratorsAddTest" name="administratorsAdd" time="10.062">
    <skipped/>
  </testcase> <!-- administratorsAdd -->
  <testcase classname="testCases.TC021_AdministratorsAddTest" name="administratorsAdd" time="10.067">
    <skipped/>
  </testcase> <!-- administratorsAdd -->
  <testcase classname="testCases.TC021_AdministratorsAddTest" name="administratorsAdd" time="10.009">
    <skipped/>
  </testcase> <!-- administratorsAdd -->
  <testcase classname="testCases.TC021_AdministratorsAddTest" name="administratorsAdd" time="10.055">
    <failure type="java.lang.AssertionError" message="Test failed due to an exception: no such element: Unable to locate element: {&amp;quot;method&amp;quot;:&amp;quot;xpath&amp;quot;,&amp;quot;selector&amp;quot;:&amp;quot;//span[@class=&amp;apos;whitespace-nowrap&amp;apos;][normalize-space()=&amp;apos;Log in&amp;apos;]&amp;quot;}
  (Session info: chrome=134.0.6998.37)
For documentation on this error, please visit: https://www.selenium.dev/documentation/webdriver/troubleshooting/errors#no-such-element-exception
Build info: version: &amp;apos;4.28.0&amp;apos;, revision: &amp;apos;ac342546e9&amp;apos;
System info: os.name: &amp;apos;Windows 11&amp;apos;, os.arch: &amp;apos;amd64&amp;apos;, os.version: &amp;apos;10.0&amp;apos;, java.version: &amp;apos;23.0.2&amp;apos;
Driver info: org.openqa.selenium.chrome.ChromeDriver
Command: [cef1ffacea833ae7edc0355067c186ae, findElement {value=//span[@class=&amp;apos;whitespace-nowrap&amp;apos;][normalize-space()=&amp;apos;Log in&amp;apos;], using=xpath}]
Capabilities {acceptInsecureCerts: false, browserName: chrome, browserVersion: 134.0.6998.37, chrome: {chromedriverVersion: 134.0.6998.88 (7e3d5c978c6d..., userDataDir: C:\Users\TAHAMI~1\AppData\L...}, fedcm:accounts: true, goog:chromeOptions: {debuggerAddress: localhost:54656}, networkConnectionEnabled: false, pageLoadStrategy: normal, platformName: windows, proxy: Proxy(), se:cdp: ws://localhost:54656/devtoo..., se:cdpVersion: 134.0.6998.37, setWindowRect: true, strictFileInteractability: false, timeouts: {implicit: 0, pageLoad: 300000, script: 30000}, unhandledPromptBehavior: dismiss and notify, webauthn:extension:credBlob: true, webauthn:extension:largeBlob: true, webauthn:extension:minPinLength: true, webauthn:extension:prf: true, webauthn:virtualAuthenticators: true}
Session ID: cef1ffacea833ae7edc0355067c186ae">
      <![CDATA[java.lang.AssertionError: Test failed due to an exception: no such element: Unable to locate element: {"method":"xpath","selector":"//span[@class='whitespace-nowrap'][normalize-space()='Log in']"}
  (Session info: chrome=134.0.6998.37)
For documentation on this error, please visit: https://www.selenium.dev/documentation/webdriver/troubleshooting/errors#no-such-element-exception
Build info: version: '4.28.0', revision: 'ac342546e9'
System info: os.name: 'Windows 11', os.arch: 'amd64', os.version: '10.0', java.version: '23.0.2'
Driver info: org.openqa.selenium.chrome.ChromeDriver
Command: [cef1ffacea833ae7edc0355067c186ae, findElement {value=//span[@class='whitespace-nowrap'][normalize-space()='Log in'], using=xpath}]
Capabilities {acceptInsecureCerts: false, browserName: chrome, browserVersion: 134.0.6998.37, chrome: {chromedriverVersion: 134.0.6998.88 (7e3d5c978c6d..., userDataDir: C:\Users\TAHAMI~1\AppData\L...}, fedcm:accounts: true, goog:chromeOptions: {debuggerAddress: localhost:54656}, networkConnectionEnabled: false, pageLoadStrategy: normal, platformName: windows, proxy: Proxy(), se:cdp: ws://localhost:54656/devtoo..., se:cdpVersion: 134.0.6998.37, setWindowRect: true, strictFileInteractability: false, timeouts: {implicit: 0, pageLoad: 300000, script: 30000}, unhandledPromptBehavior: dismiss and notify, webauthn:extension:credBlob: true, webauthn:extension:largeBlob: true, webauthn:extension:minPinLength: true, webauthn:extension:prf: true, webauthn:virtualAuthenticators: true}
Session ID: cef1ffacea833ae7edc0355067c186ae
at testCases.TC021_AdministratorsAddTest.administratorsAdd(TC021_AdministratorsAddTest.java:60)
at java.base/java.util.ArrayList.forEach(ArrayList.java:1597)
... Removed 26 stack frames]]>
    </failure>
  </testcase> <!-- administratorsAdd -->
</testsuite> <!-- RetryMulitple -->
