<!DOCTYPE html>

<html>
  <head>
  <meta charset='utf-8'>
  <title>TestNG reports</title>

    <link type="text/css" href="testng-reports1.css" rel="stylesheet" id="ultra" />
    <link type="text/css" href="testng-reports.css" rel="stylesheet" id="retro" disabled="false"/>
    <script type="text/javascript" src="jquery-3.6.0.min.js"></script>
    <script type="text/javascript" src="testng-reports.js"></script>
    <script type="text/javascript" src="https://www.google.com/jsapi"></script>
    <script type='text/javascript'>
      google.load('visualization', '1', {packages:['table']});
      google.setOnLoadCallback(drawTable);
      var suiteTableInitFunctions = new Array();
      var suiteTableData = new Array();
    </script>
    <!--
      <script type="text/javascript" src="jquery-ui/js/jquery-ui-1.8.16.custom.min.js"></script>
     -->
  </head>

  <body>    <div class="top-banner-root">
      <span class="top-banner-title-font">Test results</span>
      <button id="button" class="button">Switch Retro Theme</button> <!-- button -->
      <br/>
      <span class="top-banner-font-1">1 suite, 2 failed tests</span>
    </div> <!-- top-banner-root -->
    <div class="navigator-root">
      <div class="navigator-suite-header">
        <span>All suites</span>
        <a href="#" title="Collapse/expand all the suites" class="collapse-all-link">
          <img src="collapseall.gif" class="collapse-all-icon">
          </img> <!-- collapse-all-icon -->
        </a> <!-- collapse-all-link -->
      </div> <!-- navigator-suite-header -->
      <div class="suite">
        <div class="rounded-window">
          <div class="suite-header light-rounded-window-top">
            <a href="#" panel-name="suite-RetryFailedTests_XML_Suite" class="navigator-link">
              <span class="suite-name border-failed">RetryFailedTests XML Suite</span>
            </a> <!-- navigator-link -->
          </div> <!-- suite-header light-rounded-window-top -->
          <div class="navigator-suite-content">
            <div class="suite-section-title">
              <span>Info</span>
            </div> <!-- suite-section-title -->
            <div class="suite-section-content">
              <ul>
                <li>
                  <a href="#" panel-name="test-xml-RetryFailedTests_XML_Suite" class="navigator-link ">
                    <span>D:\Selenium Workspace\FoodKing-Automation\testngdemo.xml</span>
                  </a> <!-- navigator-link  -->
                </li>
                <li>
                  <a href="#" panel-name="testlist-RetryFailedTests_XML_Suite" class="navigator-link ">
                    <span class="test-stats">1 test</span>
                  </a> <!-- navigator-link  -->
                </li>
                <li>
                  <a href="#" panel-name="group-RetryFailedTests_XML_Suite" class="navigator-link ">
                    <span>0 groups</span>
                  </a> <!-- navigator-link  -->
                </li>
                <li>
                  <a href="#" panel-name="times-RetryFailedTests_XML_Suite" class="navigator-link ">
                    <span>Times</span>
                  </a> <!-- navigator-link  -->
                </li>
                <li>
                  <a href="#" panel-name="reporter-RetryFailedTests_XML_Suite" class="navigator-link ">
                    <span>Reporter output</span>
                  </a> <!-- navigator-link  -->
                </li>
                <li>
                  <a href="#" panel-name="ignored-methods-RetryFailedTests_XML_Suite" class="navigator-link ">
                    <span>Ignored methods</span>
                  </a> <!-- navigator-link  -->
                </li>
                <li>
                  <a href="#" panel-name="chronological-RetryFailedTests_XML_Suite" class="navigator-link ">
                    <span>Chronological view</span>
                  </a> <!-- navigator-link  -->
                </li>
              </ul>
            </div> <!-- suite-section-content -->
            <div class="result-section">
              <div class="suite-section-title">
                <span>Results</span>
              </div> <!-- suite-section-title -->
              <div class="suite-section-content">
                <ul>
                  <li>
                    <span class="method-stats">10 methods, 2 failed,  8 skipped,  </span>
                  </li>
                  <li>
                    <span class="method-list-title failed">Failed methods</span>
                    <span class="show-or-hide-methods failed">
                      <a href="#" panel-name="suite-RetryFailedTests_XML_Suite" class="hide-methods failed suite-RetryFailedTests_XML_Suite"> (hide)</a> <!-- hide-methods failed suite-RetryFailedTests_XML_Suite -->
                      <a href="#" panel-name="suite-RetryFailedTests_XML_Suite" class="show-methods failed suite-RetryFailedTests_XML_Suite"> (show)</a> <!-- show-methods failed suite-RetryFailedTests_XML_Suite -->
                    </span>
                    <div class="method-list-content failed suite-RetryFailedTests_XML_Suite">
                      <span>
                        <img src="failed.png" width="3%"/>
                        <a href="#" panel-name="suite-RetryFailedTests_XML_Suite" title="testCases.TC021_AdministratorsAddTest" class="method navigator-link" hash-for-method="administratorsAdd">administratorsAdd</a> <!-- method navigator-link -->
                      </span>
                      <br/>
                      <span>
                        <img src="failed.png" width="3%"/>
                        <a href="#" panel-name="suite-RetryFailedTests_XML_Suite" title="testCases.TC024_DeliveryBoyAddTest" class="method navigator-link" hash-for-method="deliveryBoyAdd">deliveryBoyAdd</a> <!-- method navigator-link -->
                      </span>
                      <br/>
                    </div> <!-- method-list-content failed suite-RetryFailedTests_XML_Suite -->
                  </li>
                  <li>
                    <span class="method-list-title skipped">Retried methods</span>
                    <span class="show-or-hide-methods skipped">
                      <a href="#" panel-name="suite-RetryFailedTests_XML_Suite" class="hide-methods skipped suite-RetryFailedTests_XML_Suite"> (hide)</a> <!-- hide-methods skipped suite-RetryFailedTests_XML_Suite -->
                      <a href="#" panel-name="suite-RetryFailedTests_XML_Suite" class="show-methods skipped suite-RetryFailedTests_XML_Suite"> (show)</a> <!-- show-methods skipped suite-RetryFailedTests_XML_Suite -->
                    </span>
                    <div class="method-list-content skipped suite-RetryFailedTests_XML_Suite">
                      <span>
                        <img src="skipped.png" width="3%"/>
                        <a href="#" panel-name="suite-RetryFailedTests_XML_Suite" title="testCases.TC021_AdministratorsAddTest" class="method navigator-link" hash-for-method="administratorsAdd">administratorsAdd</a> <!-- method navigator-link -->
                      </span>
                      <br/>
                      <span>
                        <img src="skipped.png" width="3%"/>
                        <a href="#" panel-name="suite-RetryFailedTests_XML_Suite" title="testCases.TC021_AdministratorsAddTest" class="method navigator-link" hash-for-method="administratorsAdd">administratorsAdd</a> <!-- method navigator-link -->
                      </span>
                      <br/>
                      <span>
                        <img src="skipped.png" width="3%"/>
                        <a href="#" panel-name="suite-RetryFailedTests_XML_Suite" title="testCases.TC021_AdministratorsAddTest" class="method navigator-link" hash-for-method="administratorsAdd">administratorsAdd</a> <!-- method navigator-link -->
                      </span>
                      <br/>
                      <span>
                        <img src="skipped.png" width="3%"/>
                        <a href="#" panel-name="suite-RetryFailedTests_XML_Suite" title="testCases.TC021_AdministratorsAddTest" class="method navigator-link" hash-for-method="administratorsAdd">administratorsAdd</a> <!-- method navigator-link -->
                      </span>
                      <br/>
                      <span>
                        <img src="skipped.png" width="3%"/>
                        <a href="#" panel-name="suite-RetryFailedTests_XML_Suite" title="testCases.TC024_DeliveryBoyAddTest" class="method navigator-link" hash-for-method="deliveryBoyAdd">deliveryBoyAdd</a> <!-- method navigator-link -->
                      </span>
                      <br/>
                      <span>
                        <img src="skipped.png" width="3%"/>
                        <a href="#" panel-name="suite-RetryFailedTests_XML_Suite" title="testCases.TC024_DeliveryBoyAddTest" class="method navigator-link" hash-for-method="deliveryBoyAdd">deliveryBoyAdd</a> <!-- method navigator-link -->
                      </span>
                      <br/>
                      <span>
                        <img src="skipped.png" width="3%"/>
                        <a href="#" panel-name="suite-RetryFailedTests_XML_Suite" title="testCases.TC024_DeliveryBoyAddTest" class="method navigator-link" hash-for-method="deliveryBoyAdd">deliveryBoyAdd</a> <!-- method navigator-link -->
                      </span>
                      <br/>
                      <span>
                        <img src="skipped.png" width="3%"/>
                        <a href="#" panel-name="suite-RetryFailedTests_XML_Suite" title="testCases.TC024_DeliveryBoyAddTest" class="method navigator-link" hash-for-method="deliveryBoyAdd">deliveryBoyAdd</a> <!-- method navigator-link -->
                      </span>
                      <br/>
                    </div> <!-- method-list-content skipped suite-RetryFailedTests_XML_Suite -->
                  </li>
                </ul>
              </div> <!-- suite-section-content -->
            </div> <!-- result-section -->
          </div> <!-- navigator-suite-content -->
        </div> <!-- rounded-window -->
      </div> <!-- suite -->
    </div> <!-- navigator-root -->
    <div class="wrapper">
      <div class="main-panel-root">
        <div panel-name="suite-RetryFailedTests_XML_Suite" class="panel RetryFailedTests_XML_Suite">
          <div class="suite-RetryFailedTests_XML_Suite-class-failed">
            <div class="main-panel-header rounded-window-top">
              <img src="failed.png"/>
              <span class="class-name">testCases.TC024_DeliveryBoyAddTest</span>
            </div> <!-- main-panel-header rounded-window-top -->
            <div class="main-panel-content rounded-window-bottom">
              <div class="method">
                <div class="method-content">
                  <a name="deliveryBoyAdd">
                  </a> <!-- deliveryBoyAdd -->
                  <span class="method-name">deliveryBoyAdd</span>
                  <div class="stack-trace">java.lang.AssertionError: Test failed due to an exception: no such element: Unable to locate element: {&quot;method&quot;:&quot;xpath&quot;,&quot;selector&quot;:&quot;//span[@class=&apos;whitespace-nowrap&apos;][normalize-space()=&apos;Log in&apos;]&quot;}
  (Session info: chrome=134.0.6998.37)
For documentation on this error, please visit: https://www.selenium.dev/documentation/webdriver/troubleshooting/errors#no-such-element-exception
Build info: version: &apos;4.28.0&apos;, revision: &apos;ac342546e9&apos;
System info: os.name: &apos;Windows 11&apos;, os.arch: &apos;amd64&apos;, os.version: &apos;10.0&apos;, java.version: &apos;23.0.2&apos;
Driver info: org.openqa.selenium.chrome.ChromeDriver
Command: [26da657e29e61085bbad1b8fd055e0c6, findElement {using=xpath, value=//span[@class=&apos;whitespace-nowrap&apos;][normalize-space()=&apos;Log in&apos;]}]
Capabilities {acceptInsecureCerts: false, browserName: chrome, browserVersion: 134.0.6998.37, chrome: {chromedriverVersion: 134.0.6998.88 (7e3d5c978c6d..., userDataDir: C:\Users\TAHAMI~1\AppData\L...}, fedcm:accounts: true, goog:chromeOptions: {debuggerAddress: localhost:55846}, networkConnectionEnabled: false, pageLoadStrategy: normal, platformName: windows, proxy: Proxy(), se:cdp: ws://localhost:55846/devtoo..., se:cdpVersion: 134.0.6998.37, setWindowRect: true, strictFileInteractability: false, timeouts: {implicit: 0, pageLoad: 300000, script: 30000}, unhandledPromptBehavior: dismiss and notify, webauthn:extension:credBlob: true, webauthn:extension:largeBlob: true, webauthn:extension:minPinLength: true, webauthn:extension:prf: true, webauthn:virtualAuthenticators: true}
Session ID: 26da657e29e61085bbad1b8fd055e0c6
	at testCases.TC024_DeliveryBoyAddTest.deliveryBoyAdd(TC024_DeliveryBoyAddTest.java:57)
	at java.base/java.util.ArrayList.forEach(ArrayList.java:1597)
... Removed 26 stack frames
</div> <!-- stack-trace -->
                </div> <!-- method-content -->
              </div> <!-- method -->
            </div> <!-- main-panel-content rounded-window-bottom -->
          </div> <!-- suite-RetryFailedTests_XML_Suite-class-failed -->
          <div class="suite-RetryFailedTests_XML_Suite-class-failed">
            <div class="main-panel-header rounded-window-top">
              <img src="failed.png"/>
              <span class="class-name">testCases.TC021_AdministratorsAddTest</span>
            </div> <!-- main-panel-header rounded-window-top -->
            <div class="main-panel-content rounded-window-bottom">
              <div class="method">
                <div class="method-content">
                  <a name="administratorsAdd">
                  </a> <!-- administratorsAdd -->
                  <span class="method-name">administratorsAdd</span>
                  <div class="stack-trace">java.lang.AssertionError: Test failed due to an exception: no such element: Unable to locate element: {&quot;method&quot;:&quot;xpath&quot;,&quot;selector&quot;:&quot;//span[@class=&apos;whitespace-nowrap&apos;][normalize-space()=&apos;Log in&apos;]&quot;}
  (Session info: chrome=134.0.6998.37)
For documentation on this error, please visit: https://www.selenium.dev/documentation/webdriver/troubleshooting/errors#no-such-element-exception
Build info: version: &apos;4.28.0&apos;, revision: &apos;ac342546e9&apos;
System info: os.name: &apos;Windows 11&apos;, os.arch: &apos;amd64&apos;, os.version: &apos;10.0&apos;, java.version: &apos;23.0.2&apos;
Driver info: org.openqa.selenium.chrome.ChromeDriver
Command: [3e15cf92ef7041281a8edd89795195fa, findElement {using=xpath, value=//span[@class=&apos;whitespace-nowrap&apos;][normalize-space()=&apos;Log in&apos;]}]
Capabilities {acceptInsecureCerts: false, browserName: chrome, browserVersion: 134.0.6998.37, chrome: {chromedriverVersion: 134.0.6998.88 (7e3d5c978c6d..., userDataDir: C:\Users\TAHAMI~1\AppData\L...}, fedcm:accounts: true, goog:chromeOptions: {debuggerAddress: localhost:55816}, networkConnectionEnabled: false, pageLoadStrategy: normal, platformName: windows, proxy: Proxy(), se:cdp: ws://localhost:55816/devtoo..., se:cdpVersion: 134.0.6998.37, setWindowRect: true, strictFileInteractability: false, timeouts: {implicit: 0, pageLoad: 300000, script: 30000}, unhandledPromptBehavior: dismiss and notify, webauthn:extension:credBlob: true, webauthn:extension:largeBlob: true, webauthn:extension:minPinLength: true, webauthn:extension:prf: true, webauthn:virtualAuthenticators: true}
Session ID: 3e15cf92ef7041281a8edd89795195fa
	at testCases.TC021_AdministratorsAddTest.administratorsAdd(TC021_AdministratorsAddTest.java:63)
	at java.base/java.util.ArrayList.forEach(ArrayList.java:1597)
... Removed 26 stack frames
</div> <!-- stack-trace -->
                </div> <!-- method-content -->
              </div> <!-- method -->
            </div> <!-- main-panel-content rounded-window-bottom -->
          </div> <!-- suite-RetryFailedTests_XML_Suite-class-failed -->
          <div class="suite-RetryFailedTests_XML_Suite-class-skipped">
            <div class="main-panel-header rounded-window-top">
              <img src="skipped.png"/>
              <span class="class-name">testCases.TC024_DeliveryBoyAddTest</span>
            </div> <!-- main-panel-header rounded-window-top -->
            <div class="main-panel-content rounded-window-bottom">
              <div class="method">
                <div class="method-content">
                  <a name="deliveryBoyAdd">
                  </a> <!-- deliveryBoyAdd -->
                  <span class="method-name">deliveryBoyAdd</span>
                  <div class="stack-trace">java.lang.AssertionError: Test failed due to an exception: Keys to send should be a not null CharSequence
	at testCases.TC024_DeliveryBoyAddTest.deliveryBoyAdd(TC024_DeliveryBoyAddTest.java:57)
	at java.base/java.util.ArrayList.forEach(ArrayList.java:1597)
... Removed 26 stack frames
</div> <!-- stack-trace -->
                </div> <!-- method-content -->
              </div> <!-- method -->
              <div class="method">
                <div class="method-content">
                  <a name="deliveryBoyAdd">
                  </a> <!-- deliveryBoyAdd -->
                  <span class="method-name">deliveryBoyAdd</span>
                  <div class="stack-trace">java.lang.AssertionError: Test failed due to an exception: no such element: Unable to locate element: {&quot;method&quot;:&quot;xpath&quot;,&quot;selector&quot;:&quot;//span[@class=&apos;whitespace-nowrap&apos;][normalize-space()=&apos;Log in&apos;]&quot;}
  (Session info: chrome=134.0.6998.37)
For documentation on this error, please visit: https://www.selenium.dev/documentation/webdriver/troubleshooting/errors#no-such-element-exception
Build info: version: &apos;4.28.0&apos;, revision: &apos;ac342546e9&apos;
System info: os.name: &apos;Windows 11&apos;, os.arch: &apos;amd64&apos;, os.version: &apos;10.0&apos;, java.version: &apos;23.0.2&apos;
Driver info: org.openqa.selenium.chrome.ChromeDriver
Command: [26da657e29e61085bbad1b8fd055e0c6, findElement {using=xpath, value=//span[@class=&apos;whitespace-nowrap&apos;][normalize-space()=&apos;Log in&apos;]}]
Capabilities {acceptInsecureCerts: false, browserName: chrome, browserVersion: 134.0.6998.37, chrome: {chromedriverVersion: 134.0.6998.88 (7e3d5c978c6d..., userDataDir: C:\Users\TAHAMI~1\AppData\L...}, fedcm:accounts: true, goog:chromeOptions: {debuggerAddress: localhost:55846}, networkConnectionEnabled: false, pageLoadStrategy: normal, platformName: windows, proxy: Proxy(), se:cdp: ws://localhost:55846/devtoo..., se:cdpVersion: 134.0.6998.37, setWindowRect: true, strictFileInteractability: false, timeouts: {implicit: 0, pageLoad: 300000, script: 30000}, unhandledPromptBehavior: dismiss and notify, webauthn:extension:credBlob: true, webauthn:extension:largeBlob: true, webauthn:extension:minPinLength: true, webauthn:extension:prf: true, webauthn:virtualAuthenticators: true}
Session ID: 26da657e29e61085bbad1b8fd055e0c6
	at testCases.TC024_DeliveryBoyAddTest.deliveryBoyAdd(TC024_DeliveryBoyAddTest.java:57)
	at java.base/java.util.ArrayList.forEach(ArrayList.java:1597)
... Removed 26 stack frames
</div> <!-- stack-trace -->
                </div> <!-- method-content -->
              </div> <!-- method -->
              <div class="method">
                <div class="method-content">
                  <a name="deliveryBoyAdd">
                  </a> <!-- deliveryBoyAdd -->
                  <span class="method-name">deliveryBoyAdd</span>
                  <div class="stack-trace">java.lang.AssertionError: Test failed due to an exception: no such element: Unable to locate element: {&quot;method&quot;:&quot;xpath&quot;,&quot;selector&quot;:&quot;//span[@class=&apos;whitespace-nowrap&apos;][normalize-space()=&apos;Log in&apos;]&quot;}
  (Session info: chrome=134.0.6998.37)
For documentation on this error, please visit: https://www.selenium.dev/documentation/webdriver/troubleshooting/errors#no-such-element-exception
Build info: version: &apos;4.28.0&apos;, revision: &apos;ac342546e9&apos;
System info: os.name: &apos;Windows 11&apos;, os.arch: &apos;amd64&apos;, os.version: &apos;10.0&apos;, java.version: &apos;23.0.2&apos;
Driver info: org.openqa.selenium.chrome.ChromeDriver
Command: [26da657e29e61085bbad1b8fd055e0c6, findElement {using=xpath, value=//span[@class=&apos;whitespace-nowrap&apos;][normalize-space()=&apos;Log in&apos;]}]
Capabilities {acceptInsecureCerts: false, browserName: chrome, browserVersion: 134.0.6998.37, chrome: {chromedriverVersion: 134.0.6998.88 (7e3d5c978c6d..., userDataDir: C:\Users\TAHAMI~1\AppData\L...}, fedcm:accounts: true, goog:chromeOptions: {debuggerAddress: localhost:55846}, networkConnectionEnabled: false, pageLoadStrategy: normal, platformName: windows, proxy: Proxy(), se:cdp: ws://localhost:55846/devtoo..., se:cdpVersion: 134.0.6998.37, setWindowRect: true, strictFileInteractability: false, timeouts: {implicit: 0, pageLoad: 300000, script: 30000}, unhandledPromptBehavior: dismiss and notify, webauthn:extension:credBlob: true, webauthn:extension:largeBlob: true, webauthn:extension:minPinLength: true, webauthn:extension:prf: true, webauthn:virtualAuthenticators: true}
Session ID: 26da657e29e61085bbad1b8fd055e0c6
	at testCases.TC024_DeliveryBoyAddTest.deliveryBoyAdd(TC024_DeliveryBoyAddTest.java:57)
	at java.base/java.util.ArrayList.forEach(ArrayList.java:1597)
... Removed 26 stack frames
</div> <!-- stack-trace -->
                </div> <!-- method-content -->
              </div> <!-- method -->
              <div class="method">
                <div class="method-content">
                  <a name="deliveryBoyAdd">
                  </a> <!-- deliveryBoyAdd -->
                  <span class="method-name">deliveryBoyAdd</span>
                  <div class="stack-trace">java.lang.AssertionError: Test failed due to an exception: no such element: Unable to locate element: {&quot;method&quot;:&quot;xpath&quot;,&quot;selector&quot;:&quot;//span[@class=&apos;whitespace-nowrap&apos;][normalize-space()=&apos;Log in&apos;]&quot;}
  (Session info: chrome=134.0.6998.37)
For documentation on this error, please visit: https://www.selenium.dev/documentation/webdriver/troubleshooting/errors#no-such-element-exception
Build info: version: &apos;4.28.0&apos;, revision: &apos;ac342546e9&apos;
System info: os.name: &apos;Windows 11&apos;, os.arch: &apos;amd64&apos;, os.version: &apos;10.0&apos;, java.version: &apos;23.0.2&apos;
Driver info: org.openqa.selenium.chrome.ChromeDriver
Command: [26da657e29e61085bbad1b8fd055e0c6, findElement {using=xpath, value=//span[@class=&apos;whitespace-nowrap&apos;][normalize-space()=&apos;Log in&apos;]}]
Capabilities {acceptInsecureCerts: false, browserName: chrome, browserVersion: 134.0.6998.37, chrome: {chromedriverVersion: 134.0.6998.88 (7e3d5c978c6d..., userDataDir: C:\Users\TAHAMI~1\AppData\L...}, fedcm:accounts: true, goog:chromeOptions: {debuggerAddress: localhost:55846}, networkConnectionEnabled: false, pageLoadStrategy: normal, platformName: windows, proxy: Proxy(), se:cdp: ws://localhost:55846/devtoo..., se:cdpVersion: 134.0.6998.37, setWindowRect: true, strictFileInteractability: false, timeouts: {implicit: 0, pageLoad: 300000, script: 30000}, unhandledPromptBehavior: dismiss and notify, webauthn:extension:credBlob: true, webauthn:extension:largeBlob: true, webauthn:extension:minPinLength: true, webauthn:extension:prf: true, webauthn:virtualAuthenticators: true}
Session ID: 26da657e29e61085bbad1b8fd055e0c6
	at testCases.TC024_DeliveryBoyAddTest.deliveryBoyAdd(TC024_DeliveryBoyAddTest.java:57)
	at java.base/java.util.ArrayList.forEach(ArrayList.java:1597)
... Removed 26 stack frames
</div> <!-- stack-trace -->
                </div> <!-- method-content -->
              </div> <!-- method -->
            </div> <!-- main-panel-content rounded-window-bottom -->
          </div> <!-- suite-RetryFailedTests_XML_Suite-class-skipped -->
          <div class="suite-RetryFailedTests_XML_Suite-class-skipped">
            <div class="main-panel-header rounded-window-top">
              <img src="skipped.png"/>
              <span class="class-name">testCases.TC021_AdministratorsAddTest</span>
            </div> <!-- main-panel-header rounded-window-top -->
            <div class="main-panel-content rounded-window-bottom">
              <div class="method">
                <div class="method-content">
                  <a name="administratorsAdd">
                  </a> <!-- administratorsAdd -->
                  <span class="method-name">administratorsAdd</span>
                  <div class="stack-trace">java.lang.AssertionError: Test failed due to an exception: Expected condition failed: waiting for presence of element located by: By.xpath: //td[contains(normalize-space(), &quot;Elon Musk&quot;)] (tried for 10 second(s) with 500 milliseconds interval)
	at testCases.TC021_AdministratorsAddTest.administratorsAdd(TC021_AdministratorsAddTest.java:63)
	at java.base/java.util.ArrayList.forEach(ArrayList.java:1597)
... Removed 26 stack frames
</div> <!-- stack-trace -->
                </div> <!-- method-content -->
              </div> <!-- method -->
              <div class="method">
                <div class="method-content">
                  <a name="administratorsAdd">
                  </a> <!-- administratorsAdd -->
                  <span class="method-name">administratorsAdd</span>
                  <div class="stack-trace">java.lang.AssertionError: Test failed due to an exception: no such element: Unable to locate element: {&quot;method&quot;:&quot;xpath&quot;,&quot;selector&quot;:&quot;//span[@class=&apos;whitespace-nowrap&apos;][normalize-space()=&apos;Log in&apos;]&quot;}
  (Session info: chrome=134.0.6998.37)
For documentation on this error, please visit: https://www.selenium.dev/documentation/webdriver/troubleshooting/errors#no-such-element-exception
Build info: version: &apos;4.28.0&apos;, revision: &apos;ac342546e9&apos;
System info: os.name: &apos;Windows 11&apos;, os.arch: &apos;amd64&apos;, os.version: &apos;10.0&apos;, java.version: &apos;23.0.2&apos;
Driver info: org.openqa.selenium.chrome.ChromeDriver
Command: [3e15cf92ef7041281a8edd89795195fa, findElement {using=xpath, value=//span[@class=&apos;whitespace-nowrap&apos;][normalize-space()=&apos;Log in&apos;]}]
Capabilities {acceptInsecureCerts: false, browserName: chrome, browserVersion: 134.0.6998.37, chrome: {chromedriverVersion: 134.0.6998.88 (7e3d5c978c6d..., userDataDir: C:\Users\TAHAMI~1\AppData\L...}, fedcm:accounts: true, goog:chromeOptions: {debuggerAddress: localhost:55816}, networkConnectionEnabled: false, pageLoadStrategy: normal, platformName: windows, proxy: Proxy(), se:cdp: ws://localhost:55816/devtoo..., se:cdpVersion: 134.0.6998.37, setWindowRect: true, strictFileInteractability: false, timeouts: {implicit: 0, pageLoad: 300000, script: 30000}, unhandledPromptBehavior: dismiss and notify, webauthn:extension:credBlob: true, webauthn:extension:largeBlob: true, webauthn:extension:minPinLength: true, webauthn:extension:prf: true, webauthn:virtualAuthenticators: true}
Session ID: 3e15cf92ef7041281a8edd89795195fa
	at testCases.TC021_AdministratorsAddTest.administratorsAdd(TC021_AdministratorsAddTest.java:63)
	at java.base/java.util.ArrayList.forEach(ArrayList.java:1597)
... Removed 26 stack frames
</div> <!-- stack-trace -->
                </div> <!-- method-content -->
              </div> <!-- method -->
              <div class="method">
                <div class="method-content">
                  <a name="administratorsAdd">
                  </a> <!-- administratorsAdd -->
                  <span class="method-name">administratorsAdd</span>
                  <div class="stack-trace">java.lang.AssertionError: Test failed due to an exception: no such element: Unable to locate element: {&quot;method&quot;:&quot;xpath&quot;,&quot;selector&quot;:&quot;//span[@class=&apos;whitespace-nowrap&apos;][normalize-space()=&apos;Log in&apos;]&quot;}
  (Session info: chrome=134.0.6998.37)
For documentation on this error, please visit: https://www.selenium.dev/documentation/webdriver/troubleshooting/errors#no-such-element-exception
Build info: version: &apos;4.28.0&apos;, revision: &apos;ac342546e9&apos;
System info: os.name: &apos;Windows 11&apos;, os.arch: &apos;amd64&apos;, os.version: &apos;10.0&apos;, java.version: &apos;23.0.2&apos;
Driver info: org.openqa.selenium.chrome.ChromeDriver
Command: [3e15cf92ef7041281a8edd89795195fa, findElement {using=xpath, value=//span[@class=&apos;whitespace-nowrap&apos;][normalize-space()=&apos;Log in&apos;]}]
Capabilities {acceptInsecureCerts: false, browserName: chrome, browserVersion: 134.0.6998.37, chrome: {chromedriverVersion: 134.0.6998.88 (7e3d5c978c6d..., userDataDir: C:\Users\TAHAMI~1\AppData\L...}, fedcm:accounts: true, goog:chromeOptions: {debuggerAddress: localhost:55816}, networkConnectionEnabled: false, pageLoadStrategy: normal, platformName: windows, proxy: Proxy(), se:cdp: ws://localhost:55816/devtoo..., se:cdpVersion: 134.0.6998.37, setWindowRect: true, strictFileInteractability: false, timeouts: {implicit: 0, pageLoad: 300000, script: 30000}, unhandledPromptBehavior: dismiss and notify, webauthn:extension:credBlob: true, webauthn:extension:largeBlob: true, webauthn:extension:minPinLength: true, webauthn:extension:prf: true, webauthn:virtualAuthenticators: true}
Session ID: 3e15cf92ef7041281a8edd89795195fa
	at testCases.TC021_AdministratorsAddTest.administratorsAdd(TC021_AdministratorsAddTest.java:63)
	at java.base/java.util.ArrayList.forEach(ArrayList.java:1597)
... Removed 26 stack frames
</div> <!-- stack-trace -->
                </div> <!-- method-content -->
              </div> <!-- method -->
              <div class="method">
                <div class="method-content">
                  <a name="administratorsAdd">
                  </a> <!-- administratorsAdd -->
                  <span class="method-name">administratorsAdd</span>
                  <div class="stack-trace">java.lang.AssertionError: Test failed due to an exception: no such element: Unable to locate element: {&quot;method&quot;:&quot;xpath&quot;,&quot;selector&quot;:&quot;//span[@class=&apos;whitespace-nowrap&apos;][normalize-space()=&apos;Log in&apos;]&quot;}
  (Session info: chrome=134.0.6998.37)
For documentation on this error, please visit: https://www.selenium.dev/documentation/webdriver/troubleshooting/errors#no-such-element-exception
Build info: version: &apos;4.28.0&apos;, revision: &apos;ac342546e9&apos;
System info: os.name: &apos;Windows 11&apos;, os.arch: &apos;amd64&apos;, os.version: &apos;10.0&apos;, java.version: &apos;23.0.2&apos;
Driver info: org.openqa.selenium.chrome.ChromeDriver
Command: [3e15cf92ef7041281a8edd89795195fa, findElement {using=xpath, value=//span[@class=&apos;whitespace-nowrap&apos;][normalize-space()=&apos;Log in&apos;]}]
Capabilities {acceptInsecureCerts: false, browserName: chrome, browserVersion: 134.0.6998.37, chrome: {chromedriverVersion: 134.0.6998.88 (7e3d5c978c6d..., userDataDir: C:\Users\TAHAMI~1\AppData\L...}, fedcm:accounts: true, goog:chromeOptions: {debuggerAddress: localhost:55816}, networkConnectionEnabled: false, pageLoadStrategy: normal, platformName: windows, proxy: Proxy(), se:cdp: ws://localhost:55816/devtoo..., se:cdpVersion: 134.0.6998.37, setWindowRect: true, strictFileInteractability: false, timeouts: {implicit: 0, pageLoad: 300000, script: 30000}, unhandledPromptBehavior: dismiss and notify, webauthn:extension:credBlob: true, webauthn:extension:largeBlob: true, webauthn:extension:minPinLength: true, webauthn:extension:prf: true, webauthn:virtualAuthenticators: true}
Session ID: 3e15cf92ef7041281a8edd89795195fa
	at testCases.TC021_AdministratorsAddTest.administratorsAdd(TC021_AdministratorsAddTest.java:63)
	at java.base/java.util.ArrayList.forEach(ArrayList.java:1597)
... Removed 26 stack frames
</div> <!-- stack-trace -->
                </div> <!-- method-content -->
              </div> <!-- method -->
            </div> <!-- main-panel-content rounded-window-bottom -->
          </div> <!-- suite-RetryFailedTests_XML_Suite-class-skipped -->
        </div> <!-- panel RetryFailedTests_XML_Suite -->
        <div panel-name="test-xml-RetryFailedTests_XML_Suite" class="panel">
          <div class="main-panel-header rounded-window-top">
            <span class="header-content">D:\Selenium Workspace\FoodKing-Automation\testngdemo.xml</span>
          </div> <!-- main-panel-header rounded-window-top -->
          <div class="main-panel-content rounded-window-bottom">
            <pre>
&lt;?xml version=&quot;1.0&quot; encoding=&quot;UTF-8&quot;?&gt;
&lt;!DOCTYPE suite SYSTEM &quot;https://testng.org/testng-1.0.dtd&quot;&gt;
&lt;suite name=&quot;RetryFailedTests XML Suite&quot; guice-stage=&quot;DEVELOPMENT&quot;&gt;
  &lt;listeners&gt;
    &lt;listener class-name=&quot;utilities.AnnotationTransformer&quot;/&gt;
  &lt;/listeners&gt;
  &lt;test thread-count=&quot;5&quot; name=&quot;RetryMulitple&quot;&gt;
    &lt;classes&gt;
      &lt;class name=&quot;testCases.TC021_AdministratorsAddTest&quot;/&gt;
      &lt;class name=&quot;testCases.TC024_DeliveryBoyAddTest&quot;/&gt;
    &lt;/classes&gt;
  &lt;/test&gt; &lt;!-- RetryMulitple --&gt;
&lt;/suite&gt; &lt;!-- RetryFailedTests XML Suite --&gt;
            </pre>
          </div> <!-- main-panel-content rounded-window-bottom -->
        </div> <!-- panel -->
        <div panel-name="testlist-RetryFailedTests_XML_Suite" class="panel">
          <div class="main-panel-header rounded-window-top">
            <span class="header-content">Tests for RetryFailedTests XML Suite</span>
          </div> <!-- main-panel-header rounded-window-top -->
          <div class="main-panel-content rounded-window-bottom">
            <ul>
              <li>
                <span class="test-name">RetryMulitple (2 classes)</span>
              </li>
            </ul>
          </div> <!-- main-panel-content rounded-window-bottom -->
        </div> <!-- panel -->
        <div panel-name="group-RetryFailedTests_XML_Suite" class="panel">
          <div class="main-panel-header rounded-window-top">
            <span class="header-content">Groups for RetryFailedTests XML Suite</span>
          </div> <!-- main-panel-header rounded-window-top -->
          <div class="main-panel-content rounded-window-bottom">
          </div> <!-- main-panel-content rounded-window-bottom -->
        </div> <!-- panel -->
        <div panel-name="times-RetryFailedTests_XML_Suite" class="panel">
          <div class="main-panel-header rounded-window-top">
            <span class="header-content">Times for RetryFailedTests XML Suite</span>
          </div> <!-- main-panel-header rounded-window-top -->
          <div class="main-panel-content rounded-window-bottom">
            <div class="times-div">
              <script type="text/javascript">
suiteTableInitFunctions.push('tableData_RetryFailedTests_XML_Suite');
function tableData_RetryFailedTests_XML_Suite() {
var data = new google.visualization.DataTable();
data.addColumn('number', 'Number');
data.addColumn('string', 'Method');
data.addColumn('string', 'Class');
data.addColumn('number', 'Time (ms)');
data.addRows(10);
data.setCell(0, 0, 0)
data.setCell(0, 1, 'administratorsAdd')
data.setCell(0, 2, 'testCases.TC021_AdministratorsAddTest')
data.setCell(0, 3, 13158);
data.setCell(1, 0, 1)
data.setCell(1, 1, 'administratorsAdd')
data.setCell(1, 2, 'testCases.TC021_AdministratorsAddTest')
data.setCell(1, 3, 10064);
data.setCell(2, 0, 2)
data.setCell(2, 1, 'administratorsAdd')
data.setCell(2, 2, 'testCases.TC021_AdministratorsAddTest')
data.setCell(2, 3, 10062);
data.setCell(3, 0, 3)
data.setCell(3, 1, 'administratorsAdd')
data.setCell(3, 2, 'testCases.TC021_AdministratorsAddTest')
data.setCell(3, 3, 10060);
data.setCell(4, 0, 4)
data.setCell(4, 1, 'deliveryBoyAdd')
data.setCell(4, 2, 'testCases.TC024_DeliveryBoyAddTest')
data.setCell(4, 3, 10060);
data.setCell(5, 0, 5)
data.setCell(5, 1, 'deliveryBoyAdd')
data.setCell(5, 2, 'testCases.TC024_DeliveryBoyAddTest')
data.setCell(5, 3, 10060);
data.setCell(6, 0, 6)
data.setCell(6, 1, 'deliveryBoyAdd')
data.setCell(6, 2, 'testCases.TC024_DeliveryBoyAddTest')
data.setCell(6, 3, 10057);
data.setCell(7, 0, 7)
data.setCell(7, 1, 'administratorsAdd')
data.setCell(7, 2, 'testCases.TC021_AdministratorsAddTest')
data.setCell(7, 3, 10052);
data.setCell(8, 0, 8)
data.setCell(8, 1, 'deliveryBoyAdd')
data.setCell(8, 2, 'testCases.TC024_DeliveryBoyAddTest')
data.setCell(8, 3, 10017);
data.setCell(9, 0, 9)
data.setCell(9, 1, 'deliveryBoyAdd')
data.setCell(9, 2, 'testCases.TC024_DeliveryBoyAddTest')
data.setCell(9, 3, 2686);
window.suiteTableData['RetryFailedTests_XML_Suite']= { tableData: data, tableDiv: 'times-div-RetryFailedTests_XML_Suite'}
return data;
}
              </script>
              <span class="suite-total-time">Total running time: 1 minutes</span>
              <div id="times-div-RetryFailedTests_XML_Suite">
              </div> <!-- times-div-RetryFailedTests_XML_Suite -->
            </div> <!-- times-div -->
          </div> <!-- main-panel-content rounded-window-bottom -->
        </div> <!-- panel -->
        <div panel-name="reporter-RetryFailedTests_XML_Suite" class="panel">
          <div class="main-panel-header rounded-window-top">
            <span class="header-content">Reporter output for RetryFailedTests XML Suite</span>
          </div> <!-- main-panel-header rounded-window-top -->
          <div class="main-panel-content rounded-window-bottom">
          </div> <!-- main-panel-content rounded-window-bottom -->
        </div> <!-- panel -->
        <div panel-name="ignored-methods-RetryFailedTests_XML_Suite" class="panel">
          <div class="main-panel-header rounded-window-top">
            <span class="header-content">0 ignored methods</span>
          </div> <!-- main-panel-header rounded-window-top -->
          <div class="main-panel-content rounded-window-bottom">
          </div> <!-- main-panel-content rounded-window-bottom -->
        </div> <!-- panel -->
        <div panel-name="chronological-RetryFailedTests_XML_Suite" class="panel">
          <div class="main-panel-header rounded-window-top">
            <span class="header-content">Methods in chronological order</span>
          </div> <!-- main-panel-header rounded-window-top -->
          <div class="main-panel-content rounded-window-bottom">
            <div class="chronological-class">
              <div class="chronological-class-name">testCases.TC021_AdministratorsAddTest</div> <!-- chronological-class-name -->
              <div class="configuration-class before">
                <span class="method-name">setup</span>
                <span class="method-start">0 ms</span>
              </div> <!-- configuration-class before -->
              <div class="test-method">
                <span class="method-name">administratorsAdd</span>
                <span class="method-start">2592 ms</span>
              </div> <!-- test-method -->
              <div class="test-method">
                <span class="method-name">administratorsAdd</span>
                <span class="method-start">15754 ms</span>
              </div> <!-- test-method -->
              <div class="test-method">
                <span class="method-name">administratorsAdd</span>
                <span class="method-start">25818 ms</span>
              </div> <!-- test-method -->
              <div class="test-method">
                <span class="method-name">administratorsAdd</span>
                <span class="method-start">35883 ms</span>
              </div> <!-- test-method -->
              <div class="test-method">
                <img src="failed.png">
                </img>
                <span class="method-name">administratorsAdd</span>
                <span class="method-start">45937 ms</span>
              </div> <!-- test-method -->
              <div class="configuration-class after">
                <span class="method-name">tearDown</span>
                <span class="method-start">56000 ms</span>
              </div> <!-- configuration-class after -->
            </div> <!-- chronological-class -->
            <div class="chronological-class">
              <div class="chronological-class-name">testCases.TC024_DeliveryBoyAddTest</div> <!-- chronological-class-name -->
              <div class="configuration-class before">
                <span class="method-name">setup</span>
                <span class="method-start">56185 ms</span>
              </div> <!-- configuration-class before -->
              <div class="test-method">
                <span class="method-name">deliveryBoyAdd</span>
                <span class="method-start">58097 ms</span>
              </div> <!-- test-method -->
              <div class="test-method">
                <span class="method-name">deliveryBoyAdd</span>
                <span class="method-start">60785 ms</span>
              </div> <!-- test-method -->
              <div class="test-method">
                <span class="method-name">deliveryBoyAdd</span>
                <span class="method-start">70804 ms</span>
              </div> <!-- test-method -->
              <div class="test-method">
                <span class="method-name">deliveryBoyAdd</span>
                <span class="method-start">80865 ms</span>
              </div> <!-- test-method -->
              <div class="test-method">
                <img src="failed.png">
                </img>
                <span class="method-name">deliveryBoyAdd</span>
                <span class="method-start">90926 ms</span>
              </div> <!-- test-method -->
              <div class="configuration-class after">
                <span class="method-name">tearDown</span>
                <span class="method-start">100984 ms</span>
              </div> <!-- configuration-class after -->
          </div> <!-- main-panel-content rounded-window-bottom -->
        </div> <!-- panel -->
      </div> <!-- main-panel-root -->
    </div> <!-- wrapper -->
  </body>
<script type="text/javascript" src="testng-reports2.js"></script>
</html>
